2019-10-14 13:53:31.101 ERROR 9375 --- [main] org.apache.catalina.util.LifecycleBase   : Failed to start component [Connector[HTTP/1.1-8080]]

org.apache.catalina.LifecycleException: Protocol handler start failed
	at org.apache.catalina.connector.Connector.startInternal(Connector.java:1008)
	at org.apache.catalina.util.LifecycleBase.start(LifecycleBase.java:183)
	at org.apache.catalina.core.StandardService.addConnector(StandardService.java:226)
	at org.springframework.boot.web.embedded.tomcat.TomcatWebServer.addPreviouslyRemovedConnectors(TomcatWebServer.java:259)
	at org.springframework.boot.web.embedded.tomcat.TomcatWebServer.start(TomcatWebServer.java:197)
	at org.springframework.boot.web.servlet.context.ServletWebServerApplicationContext.startWebServer(ServletWebServerApplicationContext.java:311)
	at org.springframework.boot.web.servlet.context.ServletWebServerApplicationContext.finishRefresh(ServletWebServerApplicationContext.java:164)
	at org.springframework.context.support.AbstractApplicationContext.refresh(AbstractApplicationContext.java:552)
	at org.springframework.boot.web.servlet.context.ServletWebServerApplicationContext.refresh(ServletWebServerApplicationContext.java:142)
	at org.springframework.boot.SpringApplication.refresh(SpringApplication.java:775)
	at org.springframework.boot.SpringApplication.refreshContext(SpringApplication.java:397)
	at org.springframework.boot.SpringApplication.run(SpringApplication.java:316)
	at org.springframework.boot.SpringApplication.run(SpringApplication.java:1260)
	at org.springframework.boot.SpringApplication.run(SpringApplication.java:1248)
	at com.lee.vshare.service.ServiceApplication.main(ServiceApplication.java:13)
Caused by: java.net.BindException: 地址已在使用
	at java.base/sun.nio.ch.Net.bind0(Native Method)
	at java.base/sun.nio.ch.Net.bind(Net.java:469)
	at java.base/sun.nio.ch.Net.bind(Net.java:458)
	at java.base/sun.nio.ch.ServerSocketChannelImpl.bind(ServerSocketChannelImpl.java:220)
	at java.base/sun.nio.ch.ServerSocketAdaptor.bind(ServerSocketAdaptor.java:80)
	at org.apache.tomcat.util.net.NioEndpoint.initServerSocket(NioEndpoint.java:236)
	at org.apache.tomcat.util.net.NioEndpoint.bind(NioEndpoint.java:210)
	at org.apache.tomcat.util.net.AbstractEndpoint.bindWithCleanup(AbstractEndpoint.java:1103)
	at org.apache.tomcat.util.net.AbstractEndpoint.start(AbstractEndpoint.java:1189)
	at org.apache.coyote.AbstractProtocol.start(AbstractProtocol.java:568)
	at org.apache.catalina.connector.Connector.startInternal(Connector.java:1005)
	... 14 common frames omitted

2019-10-14 13:53:31.115 ERROR 9375 --- [main] o.s.b.d.LoggingFailureAnalysisReporter   : 

***************************
APPLICATION FAILED TO START
***************************

Description:

The Tomcat connector configured to listen on port 8080 failed to start. The port may already be in use or the connector may be misconfigured.

Action:

Verify the connector's configuration, identify and stop any process that's listening on port 8080, or configure this application to listen on another port.

2019-10-14 14:00:54.456 ERROR 9820 --- [http-nio-8089-exec-9] o.a.c.c.C.[.[.[/].[dispatcherServlet]    : Servlet.service() for servlet [dispatcherServlet] in context with path [] threw exception [Request processing failed; nested exception is java.lang.NullPointerException] with root cause

java.lang.NullPointerException: null
	at com.lee.vshare.rest.controller.BlogController.getAllNotes(BlogController.java:123)
	at java.base/jdk.internal.reflect.NativeMethodAccessorImpl.invoke0(Native Method)
	at java.base/jdk.internal.reflect.NativeMethodAccessorImpl.invoke(NativeMethodAccessorImpl.java:62)
	at java.base/jdk.internal.reflect.DelegatingMethodAccessorImpl.invoke(DelegatingMethodAccessorImpl.java:43)
	at java.base/java.lang.reflect.Method.invoke(Method.java:567)
	at org.springframework.web.method.support.InvocableHandlerMethod.doInvoke(InvocableHandlerMethod.java:189)
	at org.springframework.web.method.support.InvocableHandlerMethod.invokeForRequest(InvocableHandlerMethod.java:138)
	at org.springframework.web.servlet.mvc.method.annotation.ServletInvocableHandlerMethod.invokeAndHandle(ServletInvocableHandlerMethod.java:102)
	at org.springframework.web.servlet.mvc.method.annotation.RequestMappingHandlerAdapter.invokeHandlerMethod(RequestMappingHandlerAdapter.java:892)
	at org.springframework.web.servlet.mvc.method.annotation.RequestMappingHandlerAdapter.handleInternal(RequestMappingHandlerAdapter.java:797)
	at org.springframework.web.servlet.mvc.method.AbstractHandlerMethodAdapter.handle(AbstractHandlerMethodAdapter.java:87)
	at org.springframework.web.servlet.DispatcherServlet.doDispatch(DispatcherServlet.java:1038)
	at org.springframework.web.servlet.DispatcherServlet.doService(DispatcherServlet.java:942)
	at org.springframework.web.servlet.FrameworkServlet.processRequest(FrameworkServlet.java:1005)
	at org.springframework.web.servlet.FrameworkServlet.doGet(FrameworkServlet.java:897)
	at javax.servlet.http.HttpServlet.service(HttpServlet.java:634)
	at org.springframework.web.servlet.FrameworkServlet.service(FrameworkServlet.java:882)
	at javax.servlet.http.HttpServlet.service(HttpServlet.java:741)
	at org.apache.catalina.core.ApplicationFilterChain.internalDoFilter(ApplicationFilterChain.java:231)
	at org.apache.catalina.core.ApplicationFilterChain.doFilter(ApplicationFilterChain.java:166)
	at org.apache.tomcat.websocket.server.WsFilter.doFilter(WsFilter.java:53)
	at org.apache.catalina.core.ApplicationFilterChain.internalDoFilter(ApplicationFilterChain.java:193)
	at org.apache.catalina.core.ApplicationFilterChain.doFilter(ApplicationFilterChain.java:166)
	at org.springframework.web.filter.CorsFilter.doFilterInternal(CorsFilter.java:96)
	at org.springframework.web.filter.OncePerRequestFilter.doFilter(OncePerRequestFilter.java:107)
	at org.apache.catalina.core.ApplicationFilterChain.internalDoFilter(ApplicationFilterChain.java:193)
	at org.apache.catalina.core.ApplicationFilterChain.doFilter(ApplicationFilterChain.java:166)
	at org.springframework.web.filter.CharacterEncodingFilter.doFilterInternal(CharacterEncodingFilter.java:200)
	at org.springframework.web.filter.OncePerRequestFilter.doFilter(OncePerRequestFilter.java:107)
	at org.apache.catalina.core.ApplicationFilterChain.internalDoFilter(ApplicationFilterChain.java:193)
	at org.apache.catalina.core.ApplicationFilterChain.doFilter(ApplicationFilterChain.java:166)
	at org.apache.catalina.core.StandardWrapperValve.invoke(StandardWrapperValve.java:200)
	at org.apache.catalina.core.StandardContextValve.invoke(StandardContextValve.java:96)
	at org.apache.catalina.authenticator.AuthenticatorBase.invoke(AuthenticatorBase.java:490)
	at org.apache.catalina.core.StandardHostValve.invoke(StandardHostValve.java:139)
	at org.apache.catalina.valves.ErrorReportValve.invoke(ErrorReportValve.java:92)
	at org.apache.catalina.core.StandardEngineValve.invoke(StandardEngineValve.java:74)
	at org.apache.catalina.connector.CoyoteAdapter.service(CoyoteAdapter.java:343)
	at org.apache.coyote.http11.Http11Processor.service(Http11Processor.java:408)
	at org.apache.coyote.AbstractProcessorLight.process(AbstractProcessorLight.java:66)
	at org.apache.coyote.AbstractProtocol$ConnectionHandler.process(AbstractProtocol.java:834)
	at org.apache.tomcat.util.net.NioEndpoint$SocketProcessor.doRun(NioEndpoint.java:1415)
	at org.apache.tomcat.util.net.SocketProcessorBase.run(SocketProcessorBase.java:49)
	at java.base/java.util.concurrent.ThreadPoolExecutor.runWorker(ThreadPoolExecutor.java:1128)
	at java.base/java.util.concurrent.ThreadPoolExecutor$Worker.run(ThreadPoolExecutor.java:628)
	at org.apache.tomcat.util.threads.TaskThread$WrappingRunnable.run(TaskThread.java:61)
	at java.base/java.lang.Thread.run(Thread.java:830)

2019-10-14 14:05:48.710 ERROR 10206 --- [main] o.s.boot.SpringApplication               : Application run failed

org.springframework.beans.factory.BeanCreationException: Error creating bean with name 'accountServiceImpl' defined in file [/home/lee/Personal/VShareServer/service/target/classes/com/lee/vshare/service/service/AccountServiceImpl.class]: Initialization of bean failed; nested exception is java.lang.ExceptionInInitializerError
	at org.springframework.beans.factory.support.AbstractAutowireCapableBeanFactory.doCreateBean(AbstractAutowireCapableBeanFactory.java:601)
	at org.springframework.beans.factory.support.AbstractAutowireCapableBeanFactory.createBean(AbstractAutowireCapableBeanFactory.java:515)
	at org.springframework.beans.factory.support.AbstractBeanFactory.lambda$doGetBean$0(AbstractBeanFactory.java:320)
	at org.springframework.beans.factory.support.DefaultSingletonBeanRegistry.getSingleton(DefaultSingletonBeanRegistry.java:222)
	at org.springframework.beans.factory.support.AbstractBeanFactory.doGetBean(AbstractBeanFactory.java:318)
	at org.springframework.beans.factory.support.AbstractBeanFactory.getBean(AbstractBeanFactory.java:199)
	at org.springframework.beans.factory.support.DefaultListableBeanFactory.preInstantiateSingletons(DefaultListableBeanFactory.java:849)
	at org.springframework.context.support.AbstractApplicationContext.finishBeanFactoryInitialization(AbstractApplicationContext.java:877)
	at org.springframework.context.support.AbstractApplicationContext.refresh(AbstractApplicationContext.java:549)
	at org.springframework.boot.web.servlet.context.ServletWebServerApplicationContext.refresh(ServletWebServerApplicationContext.java:142)
	at org.springframework.boot.SpringApplication.refresh(SpringApplication.java:775)
	at org.springframework.boot.SpringApplication.refreshContext(SpringApplication.java:397)
	at org.springframework.boot.SpringApplication.run(SpringApplication.java:316)
	at org.springframework.boot.SpringApplication.run(SpringApplication.java:1260)
	at org.springframework.boot.SpringApplication.run(SpringApplication.java:1248)
	at com.lee.vshare.service.ServiceApplication.main(ServiceApplication.java:13)
Caused by: java.lang.ExceptionInInitializerError: null
	at com.alibaba.dubbo.config.spring.AnnotationBean.postProcessAfterInitialization(AnnotationBean.java:139)
	at org.springframework.beans.factory.support.AbstractAutowireCapableBeanFactory.applyBeanPostProcessorsAfterInitialization(AbstractAutowireCapableBeanFactory.java:429)
	at org.springframework.beans.factory.support.AbstractAutowireCapableBeanFactory.initializeBean(AbstractAutowireCapableBeanFactory.java:1782)
	at org.springframework.beans.factory.support.AbstractAutowireCapableBeanFactory.doCreateBean(AbstractAutowireCapableBeanFactory.java:593)
	... 15 common frames omitted
Caused by: java.lang.IllegalStateException: fail to create adaptive instance: java.lang.IllegalStateException: Can not create adaptive extenstion interface com.alibaba.dubbo.rpc.Protocol, cause: java.io.IOException: invalid constant type: 18
	at com.alibaba.dubbo.common.extension.ExtensionLoader.getAdaptiveExtension(ExtensionLoader.java:459)
	at com.alibaba.dubbo.config.ServiceConfig.<clinit>(ServiceConfig.java:60)
	... 19 common frames omitted
Caused by: java.lang.IllegalStateException: Can not create adaptive extenstion interface com.alibaba.dubbo.rpc.Protocol, cause: java.io.IOException: invalid constant type: 18
	at com.alibaba.dubbo.common.extension.ExtensionLoader.createAdaptiveExtension(ExtensionLoader.java:723)
	at com.alibaba.dubbo.common.extension.ExtensionLoader.getAdaptiveExtension(ExtensionLoader.java:455)
	... 20 common frames omitted
Caused by: java.lang.RuntimeException: java.io.IOException: invalid constant type: 18
	at javassist.CtClassType.getClassFile2(CtClassType.java:204)
	at javassist.CtClassType.subtypeOf(CtClassType.java:304)
	at javassist.compiler.MemberResolver.compareSignature(MemberResolver.java:248)
	at javassist.compiler.MemberResolver.lookupMethod(MemberResolver.java:120)
	at javassist.compiler.MemberResolver.lookupMethod(MemberResolver.java:97)
	at javassist.compiler.MemberCodeGen.atMethodCallCore(MemberCodeGen.java:562)
	at javassist.compiler.MemberCodeGen.atCallExpr(MemberCodeGen.java:524)
	at javassist.compiler.JvstCodeGen.atCallExpr(JvstCodeGen.java:244)
	at javassist.compiler.ast.CallExpr.accept(CallExpr.java:46)
	at javassist.compiler.MemberCodeGen.atCallExpr(MemberCodeGen.java:497)
	at javassist.compiler.JvstCodeGen.atCallExpr(JvstCodeGen.java:244)
	at javassist.compiler.ast.CallExpr.accept(CallExpr.java:46)
	at javassist.compiler.MemberCodeGen.atCallExpr(MemberCodeGen.java:497)
	at javassist.compiler.JvstCodeGen.atCallExpr(JvstCodeGen.java:244)
	at javassist.compiler.ast.CallExpr.accept(CallExpr.java:46)
	at javassist.compiler.MemberCodeGen.atCallExpr(MemberCodeGen.java:497)
	at javassist.compiler.JvstCodeGen.atCallExpr(JvstCodeGen.java:244)
	at javassist.compiler.ast.CallExpr.accept(CallExpr.java:46)
	at javassist.compiler.CodeGen.atBinExpr(CodeGen.java:964)
	at javassist.compiler.ast.BinExpr.accept(BinExpr.java:41)
	at javassist.compiler.JvstCodeGen.atMethodArgs(JvstCodeGen.java:358)
	at javassist.compiler.MemberCodeGen.atMethodCallCore(MemberCodeGen.java:556)
	at javassist.compiler.MemberCodeGen.atNewExpr(MemberCodeGen.java:302)
	at javassist.compiler.ast.NewExpr.accept(NewExpr.java:73)
	at javassist.compiler.CodeGen.compileExpr(CodeGen.java:230)
	at javassist.compiler.CodeGen.atThrowStmnt(CodeGen.java:628)
	at javassist.compiler.CodeGen.atStmnt(CodeGen.java:365)
	at javassist.compiler.ast.Stmnt.accept(Stmnt.java:50)
	at javassist.compiler.CodeGen.atIfStmnt(CodeGen.java:391)
	at javassist.compiler.CodeGen.atStmnt(CodeGen.java:355)
	at javassist.compiler.ast.Stmnt.accept(Stmnt.java:50)
	at javassist.compiler.CodeGen.atStmnt(CodeGen.java:351)
	at javassist.compiler.ast.Stmnt.accept(Stmnt.java:50)
	at javassist.compiler.CodeGen.atMethodBody(CodeGen.java:292)
	at javassist.compiler.CodeGen.atMethodDecl(CodeGen.java:274)
	at javassist.compiler.ast.MethodDecl.accept(MethodDecl.java:44)
	at javassist.compiler.Javac.compileMethod(Javac.java:169)
	at javassist.compiler.Javac.compile(Javac.java:95)
	at javassist.CtNewMethod.make(CtNewMethod.java:74)
	at javassist.CtNewMethod.make(CtNewMethod.java:45)
	at com.alibaba.dubbo.common.compiler.support.JavassistCompiler.doCompile(JavassistCompiler.java:119)
	at com.alibaba.dubbo.common.compiler.support.AbstractCompiler.compile(AbstractCompiler.java:59)
	at com.alibaba.dubbo.common.compiler.support.AdaptiveCompiler.compile(AdaptiveCompiler.java:46)
	at com.alibaba.dubbo.common.extension.ExtensionLoader.createAdaptiveExtensionClass(ExtensionLoader.java:739)
	at com.alibaba.dubbo.common.extension.ExtensionLoader.getAdaptiveExtensionClass(ExtensionLoader.java:732)
	at com.alibaba.dubbo.common.extension.ExtensionLoader.createAdaptiveExtension(ExtensionLoader.java:721)
	... 21 common frames omitted
Caused by: java.io.IOException: invalid constant type: 18
	at javassist.bytecode.ConstPool.readOne(ConstPool.java:1113)
	at javassist.bytecode.ConstPool.read(ConstPool.java:1056)
	at javassist.bytecode.ConstPool.<init>(ConstPool.java:150)
	at javassist.bytecode.ClassFile.read(ClassFile.java:765)
	at javassist.bytecode.ClassFile.<init>(ClassFile.java:109)
	at javassist.CtClassType.getClassFile2(CtClassType.java:191)
	... 66 common frames omitted

2019-10-14 14:06:57.739 ERROR 10443 --- [main] o.s.boot.SpringApplication               : Application run failed

org.springframework.beans.factory.BeanCreationException: Error creating bean with name 'accountServiceImpl' defined in file [/home/lee/Personal/VShareServer/service/target/classes/com/lee/vshare/service/service/AccountServiceImpl.class]: Initialization of bean failed; nested exception is java.lang.ExceptionInInitializerError
	at org.springframework.beans.factory.support.AbstractAutowireCapableBeanFactory.doCreateBean(AbstractAutowireCapableBeanFactory.java:601)
	at org.springframework.beans.factory.support.AbstractAutowireCapableBeanFactory.createBean(AbstractAutowireCapableBeanFactory.java:515)
	at org.springframework.beans.factory.support.AbstractBeanFactory.lambda$doGetBean$0(AbstractBeanFactory.java:320)
	at org.springframework.beans.factory.support.DefaultSingletonBeanRegistry.getSingleton(DefaultSingletonBeanRegistry.java:222)
	at org.springframework.beans.factory.support.AbstractBeanFactory.doGetBean(AbstractBeanFactory.java:318)
	at org.springframework.beans.factory.support.AbstractBeanFactory.getBean(AbstractBeanFactory.java:199)
	at org.springframework.beans.factory.support.DefaultListableBeanFactory.preInstantiateSingletons(DefaultListableBeanFactory.java:849)
	at org.springframework.context.support.AbstractApplicationContext.finishBeanFactoryInitialization(AbstractApplicationContext.java:877)
	at org.springframework.context.support.AbstractApplicationContext.refresh(AbstractApplicationContext.java:549)
	at org.springframework.boot.web.servlet.context.ServletWebServerApplicationContext.refresh(ServletWebServerApplicationContext.java:142)
	at org.springframework.boot.SpringApplication.refresh(SpringApplication.java:775)
	at org.springframework.boot.SpringApplication.refreshContext(SpringApplication.java:397)
	at org.springframework.boot.SpringApplication.run(SpringApplication.java:316)
	at org.springframework.boot.SpringApplication.run(SpringApplication.java:1260)
	at org.springframework.boot.SpringApplication.run(SpringApplication.java:1248)
	at com.lee.vshare.service.ServiceApplication.main(ServiceApplication.java:13)
Caused by: java.lang.ExceptionInInitializerError: null
	at com.alibaba.dubbo.config.spring.AnnotationBean.postProcessAfterInitialization(AnnotationBean.java:139)
	at org.springframework.beans.factory.support.AbstractAutowireCapableBeanFactory.applyBeanPostProcessorsAfterInitialization(AbstractAutowireCapableBeanFactory.java:429)
	at org.springframework.beans.factory.support.AbstractAutowireCapableBeanFactory.initializeBean(AbstractAutowireCapableBeanFactory.java:1782)
	at org.springframework.beans.factory.support.AbstractAutowireCapableBeanFactory.doCreateBean(AbstractAutowireCapableBeanFactory.java:593)
	... 15 common frames omitted
Caused by: java.lang.IllegalStateException: fail to create adaptive instance: java.lang.IllegalStateException: Can not create adaptive extenstion interface com.alibaba.dubbo.rpc.Protocol, cause: java.io.IOException: invalid constant type: 18
	at com.alibaba.dubbo.common.extension.ExtensionLoader.getAdaptiveExtension(ExtensionLoader.java:459)
	at com.alibaba.dubbo.config.ServiceConfig.<clinit>(ServiceConfig.java:60)
	... 19 common frames omitted
Caused by: java.lang.IllegalStateException: Can not create adaptive extenstion interface com.alibaba.dubbo.rpc.Protocol, cause: java.io.IOException: invalid constant type: 18
	at com.alibaba.dubbo.common.extension.ExtensionLoader.createAdaptiveExtension(ExtensionLoader.java:723)
	at com.alibaba.dubbo.common.extension.ExtensionLoader.getAdaptiveExtension(ExtensionLoader.java:455)
	... 20 common frames omitted
Caused by: java.lang.RuntimeException: java.io.IOException: invalid constant type: 18
	at javassist.CtClassType.getClassFile2(CtClassType.java:204)
	at javassist.CtClassType.subtypeOf(CtClassType.java:304)
	at javassist.compiler.MemberResolver.compareSignature(MemberResolver.java:248)
	at javassist.compiler.MemberResolver.lookupMethod(MemberResolver.java:120)
	at javassist.compiler.MemberResolver.lookupMethod(MemberResolver.java:97)
	at javassist.compiler.MemberCodeGen.atMethodCallCore(MemberCodeGen.java:562)
	at javassist.compiler.MemberCodeGen.atCallExpr(MemberCodeGen.java:524)
	at javassist.compiler.JvstCodeGen.atCallExpr(JvstCodeGen.java:244)
	at javassist.compiler.ast.CallExpr.accept(CallExpr.java:46)
	at javassist.compiler.MemberCodeGen.atCallExpr(MemberCodeGen.java:497)
	at javassist.compiler.JvstCodeGen.atCallExpr(JvstCodeGen.java:244)
	at javassist.compiler.ast.CallExpr.accept(CallExpr.java:46)
	at javassist.compiler.MemberCodeGen.atCallExpr(MemberCodeGen.java:497)
	at javassist.compiler.JvstCodeGen.atCallExpr(JvstCodeGen.java:244)
	at javassist.compiler.ast.CallExpr.accept(CallExpr.java:46)
	at javassist.compiler.MemberCodeGen.atCallExpr(MemberCodeGen.java:497)
	at javassist.compiler.JvstCodeGen.atCallExpr(JvstCodeGen.java:244)
	at javassist.compiler.ast.CallExpr.accept(CallExpr.java:46)
	at javassist.compiler.CodeGen.atBinExpr(CodeGen.java:964)
	at javassist.compiler.ast.BinExpr.accept(BinExpr.java:41)
	at javassist.compiler.JvstCodeGen.atMethodArgs(JvstCodeGen.java:358)
	at javassist.compiler.MemberCodeGen.atMethodCallCore(MemberCodeGen.java:556)
	at javassist.compiler.MemberCodeGen.atNewExpr(MemberCodeGen.java:302)
	at javassist.compiler.ast.NewExpr.accept(NewExpr.java:73)
	at javassist.compiler.CodeGen.compileExpr(CodeGen.java:230)
	at javassist.compiler.CodeGen.atThrowStmnt(CodeGen.java:628)
	at javassist.compiler.CodeGen.atStmnt(CodeGen.java:365)
	at javassist.compiler.ast.Stmnt.accept(Stmnt.java:50)
	at javassist.compiler.CodeGen.atIfStmnt(CodeGen.java:391)
	at javassist.compiler.CodeGen.atStmnt(CodeGen.java:355)
	at javassist.compiler.ast.Stmnt.accept(Stmnt.java:50)
	at javassist.compiler.CodeGen.atStmnt(CodeGen.java:351)
	at javassist.compiler.ast.Stmnt.accept(Stmnt.java:50)
	at javassist.compiler.CodeGen.atMethodBody(CodeGen.java:292)
	at javassist.compiler.CodeGen.atMethodDecl(CodeGen.java:274)
	at javassist.compiler.ast.MethodDecl.accept(MethodDecl.java:44)
	at javassist.compiler.Javac.compileMethod(Javac.java:169)
	at javassist.compiler.Javac.compile(Javac.java:95)
	at javassist.CtNewMethod.make(CtNewMethod.java:74)
	at javassist.CtNewMethod.make(CtNewMethod.java:45)
	at com.alibaba.dubbo.common.compiler.support.JavassistCompiler.doCompile(JavassistCompiler.java:119)
	at com.alibaba.dubbo.common.compiler.support.AbstractCompiler.compile(AbstractCompiler.java:59)
	at com.alibaba.dubbo.common.compiler.support.AdaptiveCompiler.compile(AdaptiveCompiler.java:46)
	at com.alibaba.dubbo.common.extension.ExtensionLoader.createAdaptiveExtensionClass(ExtensionLoader.java:739)
	at com.alibaba.dubbo.common.extension.ExtensionLoader.getAdaptiveExtensionClass(ExtensionLoader.java:732)
	at com.alibaba.dubbo.common.extension.ExtensionLoader.createAdaptiveExtension(ExtensionLoader.java:721)
	... 21 common frames omitted
Caused by: java.io.IOException: invalid constant type: 18
	at javassist.bytecode.ConstPool.readOne(ConstPool.java:1113)
	at javassist.bytecode.ConstPool.read(ConstPool.java:1056)
	at javassist.bytecode.ConstPool.<init>(ConstPool.java:150)
	at javassist.bytecode.ClassFile.read(ClassFile.java:765)
	at javassist.bytecode.ClassFile.<init>(ClassFile.java:109)
	at javassist.CtClassType.getClassFile2(CtClassType.java:191)
	... 66 common frames omitted

